{"D:\\github-projects\\vitest_course\\guard.js": {"path":"D:\\github-projects\\vitest_course\\guard.js","all":false,"statementMap":{"0":{"start":{"line":1,"column":0},"end":{"line":1,"column":97}},"1":{"start":{"line":2,"column":0},"end":{"line":2,"column":0}},"2":{"start":{"line":3,"column":0},"end":{"line":3,"column":91}},"3":{"start":{"line":4,"column":0},"end":{"line":4,"column":0}},"4":{"start":{"line":5,"column":0},"end":{"line":5,"column":60}},"5":{"start":{"line":6,"column":0},"end":{"line":6,"column":60}},"6":{"start":{"line":7,"column":0},"end":{"line":7,"column":22}},"7":{"start":{"line":8,"column":0},"end":{"line":8,"column":52}},"8":{"start":{"line":9,"column":0},"end":{"line":9,"column":33}},"9":{"start":{"line":10,"column":0},"end":{"line":10,"column":30}},"10":{"start":{"line":11,"column":0},"end":{"line":11,"column":35}},"11":{"start":{"line":12,"column":0},"end":{"line":12,"column":9}},"12":{"start":{"line":13,"column":0},"end":{"line":13,"column":0}},"13":{"start":{"line":14,"column":0},"end":{"line":14,"column":42}},"14":{"start":{"line":15,"column":0},"end":{"line":15,"column":5}},"15":{"start":{"line":16,"column":0},"end":{"line":16,"column":0}},"16":{"start":{"line":17,"column":0},"end":{"line":17,"column":41}},"17":{"start":{"line":18,"column":0},"end":{"line":18,"column":1}},"18":{"start":{"line":19,"column":0},"end":{"line":19,"column":0}},"19":{"start":{"line":20,"column":0},"end":{"line":20,"column":46}}},"s":{"0":1,"1":1,"2":1,"3":1,"4":1,"5":5,"6":5,"7":1,"8":1,"9":1,"10":1,"11":1,"12":1,"13":1,"14":1,"15":3,"16":3,"17":3,"18":1,"19":1},"branchMap":{"0":{"type":"branch","line":1,"loc":{"start":{"line":1,"column":96},"end":{"line":1,"column":97}},"locations":[{"start":{"line":1,"column":96},"end":{"line":1,"column":97}}]},"1":{"type":"branch","line":3,"loc":{"start":{"line":3,"column":24},"end":{"line":3,"column":90}},"locations":[{"start":{"line":3,"column":24},"end":{"line":3,"column":90}}]},"2":{"type":"branch","line":5,"loc":{"start":{"line":5,"column":29},"end":{"line":18,"column":1}},"locations":[{"start":{"line":5,"column":29},"end":{"line":18,"column":1}}]},"3":{"type":"branch","line":6,"loc":{"start":{"line":6,"column":24},"end":{"line":6,"column":60}},"locations":[{"start":{"line":6,"column":24},"end":{"line":6,"column":60}}]},"4":{"type":"branch","line":7,"loc":{"start":{"line":7,"column":-2},"end":{"line":7,"column":21}},"locations":[{"start":{"line":7,"column":-2},"end":{"line":7,"column":21}}]},"5":{"type":"branch","line":7,"loc":{"start":{"line":7,"column":21},"end":{"line":15,"column":5}},"locations":[{"start":{"line":7,"column":21},"end":{"line":15,"column":5}}]},"6":{"type":"branch","line":16,"loc":{"start":{"line":16,"column":-2},"end":{"line":18,"column":1}},"locations":[{"start":{"line":16,"column":-2},"end":{"line":18,"column":1}}]},"7":{"type":"branch","line":20,"loc":{"start":{"line":20,"column":24},"end":{"line":20,"column":45}},"locations":[{"start":{"line":20,"column":24},"end":{"line":20,"column":45}}]}},"b":{"0":[6],"1":[7],"2":[5],"3":[1],"4":[4],"5":[1],"6":[3],"7":[8]},"fnMap":{"0":{"name":"isUndefined","decl":{"start":{"line":1,"column":96},"end":{"line":1,"column":97}},"loc":{"start":{"line":1,"column":96},"end":{"line":1,"column":97}},"line":1},"1":{"name":"isObject","decl":{"start":{"line":3,"column":24},"end":{"line":3,"column":90}},"loc":{"start":{"line":3,"column":24},"end":{"line":3,"column":90}},"line":3},"2":{"name":"isEmptyObject","decl":{"start":{"line":5,"column":29},"end":{"line":18,"column":1}},"loc":{"start":{"line":5,"column":29},"end":{"line":18,"column":1}},"line":5},"3":{"name":"isTruthy","decl":{"start":{"line":20,"column":24},"end":{"line":20,"column":45}},"loc":{"start":{"line":20,"column":24},"end":{"line":20,"column":45}},"line":20}},"f":{"0":6,"1":7,"2":5,"3":8}}
}
